ruff	Run uvx ruff check .	ï»¿2026-02-21T17:37:37.2273522Z ##[group]Run uvx ruff check .
ruff	Run uvx ruff check .	2026-02-21T17:37:37.2273910Z [36;1muvx ruff check .[0m
ruff	Run uvx ruff check .	2026-02-21T17:37:37.2311638Z shell: /usr/bin/bash -e {0}
ruff	Run uvx ruff check .	2026-02-21T17:37:37.2311972Z env:
ruff	Run uvx ruff check .	2026-02-21T17:37:37.2373809Z   UV_CACHE_DIR: /home/runner/work/_temp/setup-uv-cache
ruff	Run uvx ruff check .	2026-02-21T17:37:37.2374171Z ##[endgroup]
ruff	Run uvx ruff check .	2026-02-21T17:37:37.6039088Z Downloading ruff (10.6MiB)
ruff	Run uvx ruff check .	2026-02-21T17:37:37.8069404Z  Downloaded ruff
ruff	Run uvx ruff check .	2026-02-21T17:37:37.8091910Z Installed 1 package in 1ms
ruff	Run uvx ruff check .	2026-02-21T17:37:37.8736568Z RUF001 String contains ambiguous `ï¼ˆ` (FULLWIDTH LEFT PARENTHESIS). Did you mean `(` (LEFT PARENTHESIS)?
ruff	Run uvx ruff check .	2026-02-21T17:37:37.8738044Z    --> plugins/zenn-review/hooks/scripts/validate-zenn-frontmatter.py:100:35
ruff	Run uvx ruff check .	2026-02-21T17:37:37.8738924Z     |
ruff	Run uvx ruff check .	2026-02-21T17:37:37.8739281Z  98 |     file_size = os.path.getsize(real_path)
ruff	Run uvx ruff check .	2026-02-21T17:37:37.8739838Z  99 |     if file_size > MAX_FILE_SIZE:
ruff	Run uvx ruff check .	2026-02-21T17:37:37.8740926Z 100 |         return False, f"ãƒ•ã‚¡ã‚¤ãƒ«ã‚µã‚¤ã‚ºãŒä¸Šé™ï¼ˆ512KBï¼‰ã‚’è¶…ãˆã¦ã„ã¾ã™: {file_size} bytes"
ruff	Run uvx ruff check .	2026-02-21T17:37:37.8741687Z     |                                             ^^
ruff	Run uvx ruff check .	2026-02-21T17:37:37.8742528Z 101 |
ruff	Run uvx ruff check .	2026-02-21T17:37:37.8742844Z 102 |     return True, None
ruff	Run uvx ruff check .	2026-02-21T17:37:37.8743126Z     |
ruff	Run uvx ruff check .	2026-02-21T17:37:37.8743502Z 
ruff	Run uvx ruff check .	2026-02-21T17:37:37.8744010Z RUF001 String contains ambiguous `ï¼‰` (FULLWIDTH RIGHT PARENTHESIS). Did you mean `)` (RIGHT PARENTHESIS)?
ruff	Run uvx ruff check .	2026-02-21T17:37:37.8745174Z    --> plugins/zenn-review/hooks/scripts/validate-zenn-frontmatter.py:100:41
ruff	Run uvx ruff check .	2026-02-21T17:37:37.8745864Z     |
ruff	Run uvx ruff check .	2026-02-21T17:37:37.8746077Z  98 |     file_size = os.path.getsize(real_path)
ruff	Run uvx ruff check .	2026-02-21T17:37:37.8746373Z  99 |     if file_size > MAX_FILE_SIZE:
ruff	Run uvx ruff check .	2026-02-21T17:37:37.8747115Z 100 |         return False, f"ãƒ•ã‚¡ã‚¤ãƒ«ã‚µã‚¤ã‚ºãŒä¸Šé™ï¼ˆ512KBï¼‰ã‚’è¶…ãˆã¦ã„ã¾ã™: {file_size} bytes"
ruff	Run uvx ruff check .	2026-02-21T17:37:37.8747727Z     |                                                    ^^
ruff	Run uvx ruff check .	2026-02-21T17:37:37.8747994Z 101 |
ruff	Run uvx ruff check .	2026-02-21T17:37:37.8748174Z 102 |     return True, None
ruff	Run uvx ruff check .	2026-02-21T17:37:37.8748466Z     |
ruff	Run uvx ruff check .	2026-02-21T17:37:37.8748722Z 
ruff	Run uvx ruff check .	2026-02-21T17:37:37.8748876Z E501 Line too long (92 > 88)
ruff	Run uvx ruff check .	2026-02-21T17:37:37.8749622Z    --> plugins/zenn-review/hooks/scripts/validate-zenn-frontmatter.py:124:89
ruff	Run uvx ruff check .	2026-02-21T17:37:37.8750011Z     |
ruff	Run uvx ruff check .	2026-02-21T17:37:37.8750210Z 122 |             value = kv_match.group(2).strip()
ruff	Run uvx ruff check .	2026-02-21T17:37:37.8750514Z 123 |             if " #" in value and not (
ruff	Run uvx ruff check .	2026-02-21T17:37:37.8750952Z 124 |                 (value.startswith('"') and value.endswith('"') and value.count('"') <= 2) or
ruff	Run uvx ruff check .	2026-02-21T17:37:37.8751419Z     |                                                                                         ^^^^
ruff	Run uvx ruff check .	2026-02-21T17:37:37.8751872Z 125 |                 (value.startswith("'") and value.endswith("'") and value.count("'") <= 2)
ruff	Run uvx ruff check .	2026-02-21T17:37:37.8752498Z 126 |             ):
ruff	Run uvx ruff check .	2026-02-21T17:37:37.8752694Z     |
ruff	Run uvx ruff check .	2026-02-21T17:37:37.8752790Z 
ruff	Run uvx ruff check .	2026-02-21T17:37:37.8752881Z E501 Line too long (89 > 88)
ruff	Run uvx ruff check .	2026-02-21T17:37:37.8753229Z    --> plugins/zenn-review/hooks/scripts/validate-zenn-frontmatter.py:125:89
ruff	Run uvx ruff check .	2026-02-21T17:37:37.8753636Z     |
ruff	Run uvx ruff check .	2026-02-21T17:37:37.8754024Z 123 |             if " #" in value and not (
ruff	Run uvx ruff check .	2026-02-21T17:37:37.8754418Z 124 |                 (value.startswith('"') and value.endswith('"') and value.count('"') <= 2) or
ruff	Run uvx ruff check .	2026-02-21T17:37:37.8754963Z 125 |                 (value.startswith("'") and value.endswith("'") and value.count("'") <= 2)
ruff	Run uvx ruff check .	2026-02-21T17:37:37.8755604Z     |                                                                                         ^
ruff	Run uvx ruff check .	2026-02-21T17:37:37.8755917Z 126 |             ):
ruff	Run uvx ruff check .	2026-02-21T17:37:37.8756171Z 127 |                 value = value.split(" #", 1)[0].strip()
ruff	Run uvx ruff check .	2026-02-21T17:37:37.8756450Z     |
ruff	Run uvx ruff check .	2026-02-21T17:37:37.8756544Z 
ruff	Run uvx ruff check .	2026-02-21T17:37:37.8756735Z SIM114 [*] Combine `if` branches using logical `or` operator
ruff	Run uvx ruff check .	2026-02-21T17:37:37.8757320Z    --> plugins/zenn-review/hooks/scripts/validate-zenn-frontmatter.py:141:13
ruff	Run uvx ruff check .	2026-02-21T17:37:37.8757707Z     |
ruff	Run uvx ruff check .	2026-02-21T17:37:37.8757923Z 139 |               elif value.lower() in ("true", "false"):
ruff	Run uvx ruff check .	2026-02-21T17:37:37.8758248Z 140 |                   result[key] = value.lower() == "true"
ruff	Run uvx ruff check .	2026-02-21T17:37:37.8759107Z 141 | /             elif value.startswith('"') and value.endswith('"'):
ruff	Run uvx ruff check .	2026-02-21T17:37:37.8759469Z 142 | |                 result[key] = value[1:-1]
ruff	Run uvx ruff check .	2026-02-21T17:37:37.8759814Z 143 | |             elif value.startswith("'") and value.endswith("'"):
ruff	Run uvx ruff check .	2026-02-21T17:37:37.8760184Z 144 | |                 result[key] = value[1:-1]
ruff	Run uvx ruff check .	2026-02-21T17:37:37.8760466Z     | |_________________________________________^
ruff	Run uvx ruff check .	2026-02-21T17:37:37.8760899Z 145 |               else:
ruff	Run uvx ruff check .	2026-02-21T17:37:37.8761130Z 146 |                   result[key] = value
ruff	Run uvx ruff check .	2026-02-21T17:37:37.8761378Z     |
ruff	Run uvx ruff check .	2026-02-21T17:37:37.8761569Z help: Combine `if` branches
ruff	Run uvx ruff check .	2026-02-21T17:37:37.8761718Z 
ruff	Run uvx ruff check .	2026-02-21T17:37:37.8761806Z E501 Line too long (92 > 88)
ruff	Run uvx ruff check .	2026-02-21T17:37:37.8762596Z    --> plugins/zenn-review/hooks/scripts/validate-zenn-frontmatter.py:172:89
ruff	Run uvx ruff check .	2026-02-21T17:37:37.8762987Z     |
ruff	Run uvx ruff check .	2026-02-21T17:37:37.8763196Z 170 |             value = kv_match.group(2).strip()
ruff	Run uvx ruff check .	2026-02-21T17:37:37.8763483Z 171 |             if " #" in value and not (
ruff	Run uvx ruff check .	2026-02-21T17:37:37.8763894Z 172 |                 (value.startswith('"') and value.endswith('"') and value.count('"') <= 2) or
ruff	Run uvx ruff check .	2026-02-21T17:37:37.8764768Z     |                                                                                         ^^^^
ruff	Run uvx ruff check .	2026-02-21T17:37:37.8765215Z 173 |                 (value.startswith("'") and value.endswith("'") and value.count("'") <= 2)
ruff	Run uvx ruff check .	2026-02-21T17:37:37.8765601Z 174 |             ):
ruff	Run uvx ruff check .	2026-02-21T17:37:37.8765826Z     |
ruff	Run uvx ruff check .	2026-02-21T17:37:37.8765922Z 
ruff	Run uvx ruff check .	2026-02-21T17:37:37.8766018Z E501 Line too long (89 > 88)
ruff	Run uvx ruff check .	2026-02-21T17:37:37.8766680Z    --> plugins/zenn-review/hooks/scripts/validate-zenn-frontmatter.py:173:89
ruff	Run uvx ruff check .	2026-02-21T17:37:37.8767101Z     |
ruff	Run uvx ruff check .	2026-02-21T17:37:37.8767294Z 171 |             if " #" in value and not (
ruff	Run uvx ruff check .	2026-02-21T17:37:37.8767689Z 172 |                 (value.startswith('"') and value.endswith('"') and value.count('"') <= 2) or
ruff	Run uvx ruff check .	2026-02-21T17:37:37.8768203Z 173 |                 (value.startswith("'") and value.endswith("'") and value.count("'") <= 2)
ruff	Run uvx ruff check .	2026-02-21T17:37:37.8769486Z     |                                                                                         ^
ruff	Run uvx ruff check .	2026-02-21T17:37:37.8770042Z 174 |             ):
ruff	Run uvx ruff check .	2026-02-21T17:37:37.8770417Z 175 |                 value = value.split(" #", 1)[0].strip()
ruff	Run uvx ruff check .	2026-02-21T17:37:37.8770820Z     |
ruff	Run uvx ruff check .	2026-02-21T17:37:37.8770960Z 
ruff	Run uvx ruff check .	2026-02-21T17:37:37.8771160Z SIM114 [*] Combine `if` branches using logical `or` operator
ruff	Run uvx ruff check .	2026-02-21T17:37:37.8771961Z    --> plugins/zenn-review/hooks/scripts/validate-zenn-frontmatter.py:194:13
ruff	Run uvx ruff check .	2026-02-21T17:37:37.8773066Z     |
ruff	Run uvx ruff check .	2026-02-21T17:37:37.8773407Z 192 |               elif re.match(r"^\d+$", value):
ruff	Run uvx ruff check .	2026-02-21T17:37:37.8773881Z 193 |                   result[key] = int(value)
ruff	Run uvx ruff check .	2026-02-21T17:37:37.8774534Z 194 | /             elif value.startswith('"') and value.endswith('"'):
ruff	Run uvx ruff check .	2026-02-21T17:37:37.8775352Z 195 | |                 result[key] = value[1:-1]
ruff	Run uvx ruff check .	2026-02-21T17:37:37.8775933Z 196 | |             elif value.startswith("'") and value.endswith("'"):
ruff	Run uvx ruff check .	2026-02-21T17:37:37.8776678Z 197 | |                 result[key] = value[1:-1]
ruff	Run uvx ruff check .	2026-02-21T17:37:37.8777173Z     | |_________________________________________^
ruff	Run uvx ruff check .	2026-02-21T17:37:37.8777698Z 198 |               else:
ruff	Run uvx ruff check .	2026-02-21T17:37:37.8778108Z 199 |                   result[key] = value
ruff	Run uvx ruff check .	2026-02-21T17:37:37.8778484Z     |
ruff	Run uvx ruff check .	2026-02-21T17:37:37.8778815Z help: Combine `if` branches
ruff	Run uvx ruff check .	2026-02-21T17:37:37.8779020Z 
ruff	Run uvx ruff check .	2026-02-21T17:37:37.8779587Z RUF001 String contains ambiguous `ï¼ˆ` (FULLWIDTH LEFT PARENTHESIS). Did you mean `(` (LEFT PARENTHESIS)?
ruff	Run uvx ruff check .	2026-02-21T17:37:37.8780487Z    --> plugins/zenn-review/hooks/scripts/validate-zenn-frontmatter.py:213:39
ruff	Run uvx ruff check .	2026-02-21T17:37:37.8780860Z     |
ruff	Run uvx ruff check .	2026-02-21T17:37:37.8781063Z 211 |     fm = parse_frontmatter(content)
ruff	Run uvx ruff check .	2026-02-21T17:37:37.8781332Z 212 |     if fm is None:
ruff	Run uvx ruff check .	2026-02-21T17:37:37.8781814Z 213 |         errors.append("ãƒ•ãƒ­ãƒ³ãƒˆãƒžã‚¿ãƒ¼ãŒè¦‹ã¤ã‹ã‚Šã¾ã›ã‚“ï¼ˆ--- ã§å›²ã¾ã‚ŒãŸ YAML ãƒ–ãƒ­ãƒƒã‚¯ãŒå¿…è¦ï¼‰")
ruff	Run uvx ruff check .	2026-02-21T17:37:37.8782688Z     |                                                      ^^
ruff	Run uvx ruff check .	2026-02-21T17:37:37.8783226Z 214 |         return errors, warnings
ruff	Run uvx ruff check .	2026-02-21T17:37:37.8783503Z     |
ruff	Run uvx ruff check .	2026-02-21T17:37:37.8783611Z 
ruff	Run uvx ruff check .	2026-02-21T17:37:37.8784023Z RUF001 String contains ambiguous `ï¼‰` (FULLWIDTH RIGHT PARENTHESIS). Did you mean `)` (RIGHT PARENTHESIS)?
ruff	Run uvx ruff check .	2026-02-21T17:37:37.8784650Z    --> plugins/zenn-review/hooks/scripts/validate-zenn-frontmatter.py:213:62
ruff	Run uvx ruff check .	2026-02-21T17:37:37.8785036Z     |
ruff	Run uvx ruff check .	2026-02-21T17:37:37.8785260Z 211 |     fm = parse_frontmatter(content)
ruff	Run uvx ruff check .	2026-02-21T17:37:37.8785532Z 212 |     if fm is None:
ruff	Run uvx ruff check .	2026-02-21T17:37:37.8786037Z 213 |         errors.append("ãƒ•ãƒ­ãƒ³ãƒˆãƒžã‚¿ãƒ¼ãŒè¦‹ã¤ã‹ã‚Šã¾ã›ã‚“ï¼ˆ--- ã§å›²ã¾ã‚ŒãŸ YAML ãƒ–ãƒ­ãƒƒã‚¯ãŒå¿…è¦ï¼‰")
ruff	Run uvx ruff check .	2026-02-21T17:37:37.8786423Z     |                                                                                          ^^
ruff	Run uvx ruff check .	2026-02-21T17:37:37.8786761Z 214 |         return errors, warnings
ruff	Run uvx ruff check .	2026-02-21T17:37:37.8787007Z     |
ruff	Run uvx ruff check .	2026-02-21T17:37:37.8787140Z 
ruff	Run uvx ruff check .	2026-02-21T17:37:37.8787232Z E501 Line too long (93 > 88)
ruff	Run uvx ruff check .	2026-02-21T17:37:37.8787690Z    --> plugins/zenn-review/hooks/scripts/validate-zenn-frontmatter.py:213:62
ruff	Run uvx ruff check .	2026-02-21T17:37:37.8788133Z     |
ruff	Run uvx ruff check .	2026-02-21T17:37:37.8788323Z 211 |     fm = parse_frontmatter(content)
ruff	Run uvx ruff check .	2026-02-21T17:37:37.8788576Z 212 |     if fm is None:
ruff	Run uvx ruff check .	2026-02-21T17:37:37.8789113Z 213 |         errors.append("ãƒ•ãƒ­ãƒ³ãƒˆãƒžã‚¿ãƒ¼ãŒè¦‹ã¤ã‹ã‚Šã¾ã›ã‚“ï¼ˆ--- ã§å›²ã¾ã‚ŒãŸ YAML ãƒ–ãƒ­ãƒƒã‚¯ãŒå¿…è¦ï¼‰")
ruff	Run uvx ruff check .	2026-02-21T17:37:37.8789560Z     |                                                                                          ^^^^
ruff	Run uvx ruff check .	2026-02-21T17:37:37.8789892Z 214 |         return errors, warnings
ruff	Run uvx ruff check .	2026-02-21T17:37:37.8790120Z     |
ruff	Run uvx ruff check .	2026-02-21T17:37:37.8790218Z 
ruff	Run uvx ruff check .	2026-02-21T17:37:37.8790615Z RUF001 String contains ambiguous `ï¼ˆ` (FULLWIDTH LEFT PARENTHESIS). Did you mean `(` (LEFT PARENTHESIS)?
ruff	Run uvx ruff check .	2026-02-21T17:37:37.8791211Z    --> plugins/zenn-review/hooks/scripts/validate-zenn-frontmatter.py:228:58
ruff	Run uvx ruff check .	2026-02-21T17:37:37.8791577Z     |
ruff	Run uvx ruff check .	2026-02-21T17:37:37.8791834Z 226 |             errors.append("`title` ãŒç©ºã§ã™")
ruff	Run uvx ruff check .	2026-02-21T17:37:37.8792349Z 227 |         elif len(title) > 70:
ruff	Run uvx ruff check .	2026-02-21T17:37:37.8792948Z 228 |             warnings.append(f"`title` ãŒ {len(title)} æ–‡å­—ã§ã™ï¼ˆ70æ–‡å­—ä»¥å†…æŽ¨å¥¨ï¼‰")
ruff	Run uvx ruff check .	2026-02-21T17:37:37.8793345Z     |                                                               ^^
ruff	Run uvx ruff check .	2026-02-21T17:37:37.8793620Z 229 |
ruff	Run uvx ruff check .	2026-02-21T17:37:37.8793865Z 230 |     # emoji ãƒã‚§ãƒƒã‚¯ï¼ˆå¿…é ˆ: çµµæ–‡å­—ï¼‰
ruff	Run uvx ruff check .	2026-02-21T17:37:37.8794118Z     |
ruff	Run uvx ruff check .	2026-02-21T17:37:37.8794220Z 
ruff	Run uvx ruff check .	2026-02-21T17:37:37.8794644Z RUF001 String contains ambiguous `ï¼‰` (FULLWIDTH RIGHT PARENTHESIS). Did you mean `)` (RIGHT PARENTHESIS)?
ruff	Run uvx ruff check .	2026-02-21T17:37:37.8795250Z    --> plugins/zenn-review/hooks/scripts/validate-zenn-frontmatter.py:228:67
ruff	Run uvx ruff check .	2026-02-21T17:37:37.8795613Z     |
ruff	Run uvx ruff check .	2026-02-21T17:37:37.8795860Z 226 |             errors.append("`title` ãŒç©ºã§ã™")
ruff	Run uvx ruff check .	2026-02-21T17:37:37.8796173Z 227 |         elif len(title) > 70:
ruff	Run uvx ruff check .	2026-02-21T17:37:37.8796676Z 228 |             warnings.append(f"`title` ãŒ {len(title)} æ–‡å­—ã§ã™ï¼ˆ70æ–‡å­—ä»¥å†…æŽ¨å¥¨ï¼‰")
ruff	Run uvx ruff check .	2026-02-21T17:37:37.8797086Z     |                                                                               ^^
ruff	Run uvx ruff check .	2026-02-21T17:37:37.8797505Z 229 |
ruff	Run uvx ruff check .	2026-02-21T17:37:37.8798207Z 230 |     # emoji ãƒã‚§ãƒƒã‚¯ï¼ˆå¿…é ˆ: çµµæ–‡å­—ï¼‰
ruff	Run uvx ruff check .	2026-02-21T17:37:37.8798617Z     |
ruff	Run uvx ruff check .	2026-02-21T17:37:37.8798839Z 
ruff	Run uvx ruff check .	2026-02-21T17:37:37.8799480Z RUF001 String contains ambiguous `ï¼ˆ` (FULLWIDTH LEFT PARENTHESIS). Did you mean `(` (LEFT PARENTHESIS)?
ruff	Run uvx ruff check .	2026-02-21T17:37:37.8800111Z    --> plugins/zenn-review/hooks/scripts/validate-zenn-frontmatter.py:234:47
ruff	Run uvx ruff check .	2026-02-21T17:37:37.8800488Z     |
ruff	Run uvx ruff check .	2026-02-21T17:37:37.8800676Z 232 |         emoji_value = fm["emoji"]
ruff	Run uvx ruff check .	2026-02-21T17:37:37.8801005Z 233 |         if not isinstance(emoji_value, str):
ruff	Run uvx ruff check .	2026-02-21T17:37:37.8801650Z 234 |             errors.append("`emoji` ãŒæ–‡å­—åˆ—ã§ã¯ã‚ã‚Šã¾ã›ã‚“ï¼ˆçµµæ–‡å­—ã‚’æŒ‡å®šã—ã¦ãã ã•ã„ï¼‰")
ruff	Run uvx ruff check .	2026-02-21T17:37:37.8802151Z     |                                                          ^^
ruff	Run uvx ruff check .	2026-02-21T17:37:37.8802482Z 235 |         elif not emoji_value.strip():
ruff	Run uvx ruff check .	2026-02-21T17:37:37.8802898Z 236 |             errors.append("`emoji` ãŒç©ºã§ã™ï¼ˆçµµæ–‡å­—ã‚’æŒ‡å®šã—ã¦ãã ã•ã„ï¼‰")
ruff	Run uvx ruff check .	2026-02-21T17:37:37.8803327Z     |
ruff	Run uvx ruff check .	2026-02-21T17:37:37.8803525Z 
ruff	Run uvx ruff check .	2026-02-21T17:37:37.8803901Z RUF001 String contains ambiguous `ï¼‰` (FULLWIDTH RIGHT PARENTHESIS). Did you mean `)` (RIGHT PARENTHESIS)?
ruff	Run uvx ruff check .	2026-02-21T17:37:37.8804731Z    --> plugins/zenn-review/hooks/scripts/validate-zenn-frontmatter.py:234:60
ruff	Run uvx ruff check .	2026-02-21T17:37:37.8805302Z     |
ruff	Run uvx ruff check .	2026-02-21T17:37:37.8805509Z 232 |         emoji_value = fm["emoji"]
ruff	Run uvx ruff check .	2026-02-21T17:37:37.8805805Z 233 |         if not isinstance(emoji_value, str):
ruff	Run uvx ruff check .	2026-02-21T17:37:37.8806223Z 234 |             errors.append("`emoji` ãŒæ–‡å­—åˆ—ã§ã¯ã‚ã‚Šã¾ã›ã‚“ï¼ˆçµµæ–‡å­—ã‚’æŒ‡å®šã—ã¦ãã ã•ã„ï¼‰")
ruff	Run uvx ruff check .	2026-02-21T17:37:37.8806577Z     |                                                                                    ^^
ruff	Run uvx ruff check .	2026-02-21T17:37:37.8806917Z 235 |         elif not emoji_value.strip():
ruff	Run uvx ruff check .	2026-02-21T17:37:37.8807543Z 236 |             errors.append("`emoji` ãŒç©ºã§ã™ï¼ˆçµµæ–‡å­—ã‚’æŒ‡å®šã—ã¦ãã ã•ã„ï¼‰")
ruff	Run uvx ruff check .	2026-02-21T17:37:37.8807839Z     |
ruff	Run uvx ruff check .	2026-02-21T17:37:37.8807939Z 
ruff	Run uvx ruff check .	2026-02-21T17:37:37.8808294Z RUF001 String contains ambiguous `ï¼ˆ` (FULLWIDTH LEFT PARENTHESIS). Did you mean `(` (LEFT PARENTHESIS)?
ruff	Run uvx ruff check .	2026-02-21T17:37:37.8808883Z    --> plugins/zenn-review/hooks/scripts/validate-zenn-frontmatter.py:236:40
ruff	Run uvx ruff check .	2026-02-21T17:37:37.8809633Z     |
ruff	Run uvx ruff check .	2026-02-21T17:37:37.8809924Z 234 |             errors.append("`emoji` ãŒæ–‡å­—åˆ—ã§ã¯ã‚ã‚Šã¾ã›ã‚“ï¼ˆçµµæ–‡å­—ã‚’æŒ‡å®šã—ã¦ãã ã•ã„ï¼‰")
ruff	Run uvx ruff check .	2026-02-21T17:37:37.8810253Z 235 |         elif not emoji_value.strip():
ruff	Run uvx ruff check .	2026-02-21T17:37:37.8810777Z 236 |             errors.append("`emoji` ãŒç©ºã§ã™ï¼ˆçµµæ–‡å­—ã‚’æŒ‡å®šã—ã¦ãã ã•ã„ï¼‰")
ruff	Run uvx ruff check .	2026-02-21T17:37:37.8811095Z     |                                            ^^
ruff	Run uvx ruff check .	2026-02-21T17:37:37.8811386Z 237 |
ruff	Run uvx ruff check .	2026-02-21T17:37:37.8811898Z 238 |     # published ãƒã‚§ãƒƒã‚¯ï¼ˆå¿…é ˆ: booleanï¼‰
ruff	Run uvx ruff check .	2026-02-21T17:37:37.8812338Z     |
ruff	Run uvx ruff check .	2026-02-21T17:37:37.8812442Z 
ruff	Run uvx ruff check .	2026-02-21T17:37:37.8812832Z RUF001 String contains ambiguous `ï¼‰` (FULLWIDTH RIGHT PARENTHESIS). Did you mean `)` (RIGHT PARENTHESIS)?
ruff	Run uvx ruff check .	2026-02-21T17:37:37.8813658Z    --> plugins/zenn-review/hooks/scripts/validate-zenn-frontmatter.py:236:53
ruff	Run uvx ruff check .	2026-02-21T17:37:37.8814053Z     |
ruff	Run uvx ruff check .	2026-02-21T17:37:37.8814356Z 234 |             errors.append("`emoji` ãŒæ–‡å­—åˆ—ã§ã¯ã‚ã‚Šã¾ã›ã‚“ï¼ˆçµµæ–‡å­—ã‚’æŒ‡å®šã—ã¦ãã ã•ã„ï¼‰")
ruff	Run uvx ruff check .	2026-02-21T17:37:37.8814684Z 235 |         elif not emoji_value.strip():
ruff	Run uvx ruff check .	2026-02-21T17:37:37.8815092Z 236 |             errors.append("`emoji` ãŒç©ºã§ã™ï¼ˆçµµæ–‡å­—ã‚’æŒ‡å®šã—ã¦ãã ã•ã„ï¼‰")
ruff	Run uvx ruff check .	2026-02-21T17:37:37.8815664Z     |                                                                      ^^
ruff	Run uvx ruff check .	2026-02-21T17:37:37.8815946Z 237 |
ruff	Run uvx ruff check .	2026-02-21T17:37:37.8816195Z 238 |     # published ãƒã‚§ãƒƒã‚¯ï¼ˆå¿…é ˆ: booleanï¼‰
ruff	Run uvx ruff check .	2026-02-21T17:37:37.8816444Z     |
ruff	Run uvx ruff check .	2026-02-21T17:37:37.8816540Z 
ruff	Run uvx ruff check .	2026-02-21T17:37:37.8816720Z SIM102 Use a single `if` statement instead of nested `if` statements
ruff	Run uvx ruff check .	2026-02-21T17:37:37.8817219Z    --> plugins/zenn-review/hooks/scripts/validate-zenn-frontmatter.py:239:5
ruff	Run uvx ruff check .	2026-02-21T17:37:37.8817894Z     |
ruff	Run uvx ruff check .	2026-02-21T17:37:37.8818133Z 238 |       # published ãƒã‚§ãƒƒã‚¯ï¼ˆå¿…é ˆ: booleanï¼‰
ruff	Run uvx ruff check .	2026-02-21T17:37:37.8818390Z 239 | /     if "published" in fm:
ruff	Run uvx ruff check .	2026-02-21T17:37:37.8818672Z 240 | |         if not isinstance(fm["published"], bool):
ruff	Run uvx ruff check .	2026-02-21T17:37:37.8818993Z     | |_________________________________________________^
ruff	Run uvx ruff check .	2026-02-21T17:37:37.8819580Z 241 |               errors.append("`published` ãŒ boolean ã§ã¯ã‚ã‚Šã¾ã›ã‚“ï¼ˆtrue / false ã‚’æŒ‡å®šã—ã¦ãã ã•ã„ï¼‰")
ruff	Run uvx ruff check .	2026-02-21T17:37:37.8820220Z     |
ruff	Run uvx ruff check .	2026-02-21T17:37:37.8820436Z help: Combine `if` statements using `and`
ruff	Run uvx ruff check .	2026-02-21T17:37:37.8820623Z 
ruff	Run uvx ruff check .	2026-02-21T17:37:37.8821028Z RUF001 String contains ambiguous `ï¼ˆ` (FULLWIDTH LEFT PARENTHESIS). Did you mean `(` (LEFT PARENTHESIS)?
ruff	Run uvx ruff check .	2026-02-21T17:37:37.8821797Z    --> plugins/zenn-review/hooks/scripts/validate-zenn-frontmatter.py:241:57
ruff	Run uvx ruff check .	2026-02-21T17:37:37.8822614Z     |
ruff	Run uvx ruff check .	2026-02-21T17:37:37.8822819Z 239 |     if "published" in fm:
ruff	Run uvx ruff check .	2026-02-21T17:37:37.8823100Z 240 |         if not isinstance(fm["published"], bool):
ruff	Run uvx ruff check .	2026-02-21T17:37:37.8823638Z 241 |             errors.append("`published` ãŒ boolean ã§ã¯ã‚ã‚Šã¾ã›ã‚“ï¼ˆtrue / false ã‚’æŒ‡å®šã—ã¦ãã ã•ã„ï¼‰")
ruff	Run uvx ruff check .	2026-02-21T17:37:37.8824112Z     |                                                                 ^^
ruff	Run uvx ruff check .	2026-02-21T17:37:37.8824504Z 242 |
ruff	Run uvx ruff check .	2026-02-21T17:37:37.8824736Z 243 |     # type ãƒã‚§ãƒƒã‚¯
ruff	Run uvx ruff check .	2026-02-21T17:37:37.8824925Z     |
ruff	Run uvx ruff check .	2026-02-21T17:37:37.8825038Z 
ruff	Run uvx ruff check .	2026-02-21T17:37:37.8825130Z E501 Line too long (101 > 88)
ruff	Run uvx ruff check .	2026-02-21T17:37:37.8825494Z    --> plugins/zenn-review/hooks/scripts/validate-zenn-frontmatter.py:241:76
ruff	Run uvx ruff check .	2026-02-21T17:37:37.8826033Z     |
ruff	Run uvx ruff check .	2026-02-21T17:37:37.8826213Z 239 |     if "published" in fm:
ruff	Run uvx ruff check .	2026-02-21T17:37:37.8826492Z 240 |         if not isinstance(fm["published"], bool):
ruff	Run uvx ruff check .	2026-02-21T17:37:37.8826994Z 241 |             errors.append("`published` ãŒ boolean ã§ã¯ã‚ã‚Šã¾ã›ã‚“ï¼ˆtrue / false ã‚’æŒ‡å®šã—ã¦ãã ã•ã„ï¼‰")
ruff	Run uvx ruff check .	2026-02-21T17:37:37.8827443Z     |                                                                                          ^^^^^^^^^^^^
ruff	Run uvx ruff check .	2026-02-21T17:37:37.8827766Z 242 |
ruff	Run uvx ruff check .	2026-02-21T17:37:37.8827965Z 243 |     # type ãƒã‚§ãƒƒã‚¯
ruff	Run uvx ruff check .	2026-02-21T17:37:37.8828153Z     |
ruff	Run uvx ruff check .	2026-02-21T17:37:37.8828254Z 
ruff	Run uvx ruff check .	2026-02-21T17:37:37.8828623Z RUF001 String contains ambiguous `ï¼‰` (FULLWIDTH RIGHT PARENTHESIS). Did you mean `)` (RIGHT PARENTHESIS)?
ruff	Run uvx ruff check .	2026-02-21T17:37:37.8829222Z    --> plugins/zenn-review/hooks/scripts/validate-zenn-frontmatter.py:241:80
ruff	Run uvx ruff check .	2026-02-21T17:37:37.8829586Z     |
ruff	Run uvx ruff check .	2026-02-21T17:37:37.8829757Z 239 |     if "published" in fm:
ruff	Run uvx ruff check .	2026-02-21T17:37:37.8830189Z 240 |         if not isinstance(fm["published"], bool):
ruff	Run uvx ruff check .	2026-02-21T17:37:37.8831538Z 241 |             errors.append("`published` ãŒ boolean ã§ã¯ã‚ã‚Šã¾ã›ã‚“ï¼ˆtrue / false ã‚’æŒ‡å®šã—ã¦ãã ã•ã„ï¼‰")
ruff	Run uvx ruff check .	2026-02-21T17:37:37.8832508Z     |                                                                                                  ^^
ruff	Run uvx ruff check .	2026-02-21T17:37:37.8833134Z 242 |
ruff	Run uvx ruff check .	2026-02-21T17:37:37.8833365Z 243 |     # type ãƒã‚§ãƒƒã‚¯
ruff	Run uvx ruff check .	2026-02-21T17:37:37.8833561Z     |
ruff	Run uvx ruff check .	2026-02-21T17:37:37.8833664Z 
ruff	Run uvx ruff check .	2026-02-21T17:37:37.8833841Z SIM102 Use a single `if` statement instead of nested `if` statements
ruff	Run uvx ruff check .	2026-02-21T17:37:37.8834310Z    --> plugins/zenn-review/hooks/scripts/validate-zenn-frontmatter.py:244:5
ruff	Run uvx ruff check .	2026-02-21T17:37:37.8834679Z     |
ruff	Run uvx ruff check .	2026-02-21T17:37:37.8835033Z 243 |       # type ãƒã‚§ãƒƒã‚¯
ruff	Run uvx ruff check .	2026-02-21T17:37:37.8835323Z 244 | /     if "type" in fm:
ruff	Run uvx ruff check .	2026-02-21T17:37:37.8835584Z 245 | |         if fm["type"] not in ("tech", "idea"):
ruff	Run uvx ruff check .	2026-02-21T17:37:37.8835880Z     | |______________________________________________^
ruff	Run uvx ruff check .	2026-02-21T17:37:37.8836360Z 246 |               errors.append(f"`type` ãŒä¸æ­£ã§ã™: \"{fm['type']}\"ï¼ˆ\"tech\" ã¾ãŸã¯ \"idea\" ã®ã¿ï¼‰")
ruff	Run uvx ruff check .	2026-02-21T17:37:37.8836749Z     |
ruff	Run uvx ruff check .	2026-02-21T17:37:37.8836952Z help: Combine `if` statements using `and`
ruff	Run uvx ruff check .	2026-02-21T17:37:37.8837142Z 
ruff	Run uvx ruff check .	2026-02-21T17:37:37.8837511Z RUF001 String contains ambiguous `ï¼ˆ` (FULLWIDTH LEFT PARENTHESIS). Did you mean `(` (LEFT PARENTHESIS)?
ruff	Run uvx ruff check .	2026-02-21T17:37:37.8838105Z    --> plugins/zenn-review/hooks/scripts/validate-zenn-frontmatter.py:246:59
ruff	Run uvx ruff check .	2026-02-21T17:37:37.8838475Z     |
ruff	Run uvx ruff check .	2026-02-21T17:37:37.8838647Z 244 |     if "type" in fm:
ruff	Run uvx ruff check .	2026-02-21T17:37:37.8838898Z 245 |         if fm["type"] not in ("tech", "idea"):
ruff	Run uvx ruff check .	2026-02-21T17:37:37.8839361Z 246 |             errors.append(f"`type` ãŒä¸æ­£ã§ã™: \"{fm['type']}\"ï¼ˆ\"tech\" ã¾ãŸã¯ \"idea\" ã®ã¿ï¼‰")
ruff	Run uvx ruff check .	2026-02-21T17:37:37.8839774Z     |                                                                ^^
ruff	Run uvx ruff check .	2026-02-21T17:37:37.8840042Z 247 |
ruff	Run uvx ruff check .	2026-02-21T17:37:37.8840239Z 248 |     # topics ãƒã‚§ãƒƒã‚¯
ruff	Run uvx ruff check .	2026-02-21T17:37:37.8840437Z     |
ruff	Run uvx ruff check .	2026-02-21T17:37:37.8840529Z 
ruff	Run uvx ruff check .	2026-02-21T17:37:37.8840615Z E501 Line too long (98 > 88)
ruff	Run uvx ruff check .	2026-02-21T17:37:37.8840973Z    --> plugins/zenn-review/hooks/scripts/validate-zenn-frontmatter.py:246:80
ruff	Run uvx ruff check .	2026-02-21T17:37:37.8841339Z     |
ruff	Run uvx ruff check .	2026-02-21T17:37:37.8841508Z 244 |     if "type" in fm:
ruff	Run uvx ruff check .	2026-02-21T17:37:37.8841948Z 245 |         if fm["type"] not in ("tech", "idea"):
ruff	Run uvx ruff check .	2026-02-21T17:37:37.8842778Z 246 |             errors.append(f"`type` ãŒä¸æ­£ã§ã™: \"{fm['type']}\"ï¼ˆ\"tech\" ã¾ãŸã¯ \"idea\" ã®ã¿ï¼‰")
ruff	Run uvx ruff check .	2026-02-21T17:37:37.8843235Z     |                                                                                         ^^^^^^^^^^
ruff	Run uvx ruff check .	2026-02-21T17:37:37.8843549Z 247 |
ruff	Run uvx ruff check .	2026-02-21T17:37:37.8843759Z 248 |     # topics ãƒã‚§ãƒƒã‚¯
ruff	Run uvx ruff check .	2026-02-21T17:37:37.8843970Z     |
ruff	Run uvx ruff check .	2026-02-21T17:37:37.8844065Z 
ruff	Run uvx ruff check .	2026-02-21T17:37:37.8844435Z RUF001 String contains ambiguous `ï¼‰` (FULLWIDTH RIGHT PARENTHESIS). Did you mean `)` (RIGHT PARENTHESIS)?
ruff	Run uvx ruff check .	2026-02-21T17:37:37.8845043Z    --> plugins/zenn-review/hooks/scripts/validate-zenn-frontmatter.py:246:84
ruff	Run uvx ruff check .	2026-02-21T17:37:37.8845422Z     |
ruff	Run uvx ruff check .	2026-02-21T17:37:37.8845595Z 244 |     if "type" in fm:
ruff	Run uvx ruff check .	2026-02-21T17:37:37.8846016Z 245 |         if fm["type"] not in ("tech", "idea"):
ruff	Run uvx ruff check .	2026-02-21T17:37:37.8846491Z 246 |             errors.append(f"`type` ãŒä¸æ­£ã§ã™: \"{fm['type']}\"ï¼ˆ\"tech\" ã¾ãŸã¯ \"idea\" ã®ã¿ï¼‰")
ruff	Run uvx ruff check .	2026-02-21T17:37:37.8847052Z     |                                                                                               ^^
ruff	Run uvx ruff check .	2026-02-21T17:37:37.8847362Z 247 |
ruff	Run uvx ruff check .	2026-02-21T17:37:37.8847569Z 248 |     # topics ãƒã‚§ãƒƒã‚¯
ruff	Run uvx ruff check .	2026-02-21T17:37:37.8847769Z     |
ruff	Run uvx ruff check .	2026-02-21T17:37:37.8847862Z 
ruff	Run uvx ruff check .	2026-02-21T17:37:37.8848218Z RUF001 String contains ambiguous `ï¼ˆ` (FULLWIDTH LEFT PARENTHESIS). Did you mean `(` (LEFT PARENTHESIS)?
ruff	Run uvx ruff check .	2026-02-21T17:37:37.8848805Z    --> plugins/zenn-review/hooks/scripts/validate-zenn-frontmatter.py:254:41
ruff	Run uvx ruff check .	2026-02-21T17:37:37.8849172Z     |
ruff	Run uvx ruff check .	2026-02-21T17:37:37.8849432Z 252 |             errors.append("`topics` ãŒé…åˆ—ã§ã¯ã‚ã‚Šã¾ã›ã‚“")
ruff	Run uvx ruff check .	2026-02-21T17:37:37.8849722Z 253 |         elif len(topics) == 0:
ruff	Run uvx ruff check .	2026-02-21T17:37:37.8850066Z 254 |             errors.append("`topics` ãŒç©ºã§ã™ï¼ˆ1ã€œ5å€‹å¿…è¦ï¼‰")
ruff	Run uvx ruff check .	2026-02-21T17:37:37.8850371Z     |                                             ^^
ruff	Run uvx ruff check .	2026-02-21T17:37:37.8850649Z 255 |         elif len(topics) > 5:
ruff	Run uvx ruff check .	2026-02-21T17:37:37.8851031Z 256 |             errors.append(f"`topics` ãŒ {len(topics)} å€‹ã‚ã‚Šã¾ã™ï¼ˆæœ€å¤§5å€‹ï¼‰")
ruff	Run uvx ruff check .	2026-02-21T17:37:37.8851358Z     |
ruff	Run uvx ruff check .	2026-02-21T17:37:37.8851453Z 
ruff	Run uvx ruff check .	2026-02-21T17:37:37.8851813Z RUF001 String contains ambiguous `ï¼‰` (FULLWIDTH RIGHT PARENTHESIS). Did you mean `)` (RIGHT PARENTHESIS)?
ruff	Run uvx ruff check .	2026-02-21T17:37:37.8852599Z    --> plugins/zenn-review/hooks/scripts/validate-zenn-frontmatter.py:254:48
ruff	Run uvx ruff check .	2026-02-21T17:37:37.8852973Z     |
ruff	Run uvx ruff check .	2026-02-21T17:37:37.8853243Z 252 |             errors.append("`topics` ãŒé…åˆ—ã§ã¯ã‚ã‚Šã¾ã›ã‚“")
ruff	Run uvx ruff check .	2026-02-21T17:37:37.8853532Z 253 |         elif len(topics) == 0:
ruff	Run uvx ruff check .	2026-02-21T17:37:37.8853868Z 254 |             errors.append("`topics` ãŒç©ºã§ã™ï¼ˆ1ã€œ5å€‹å¿…è¦ï¼‰")
ruff	Run uvx ruff check .	2026-02-21T17:37:37.8854179Z     |                                                         ^^
ruff	Run uvx ruff check .	2026-02-21T17:37:37.8854458Z 255 |         elif len(topics) > 5:
ruff	Run uvx ruff check .	2026-02-21T17:37:37.8854834Z 256 |             errors.append(f"`topics` ãŒ {len(topics)} å€‹ã‚ã‚Šã¾ã™ï¼ˆæœ€å¤§5å€‹ï¼‰")
ruff	Run uvx ruff check .	2026-02-21T17:37:37.8855164Z     |
ruff	Run uvx ruff check .	2026-02-21T17:37:37.8855261Z 
ruff	Run uvx ruff check .	2026-02-21T17:37:37.8855620Z RUF001 String contains ambiguous `ï¼ˆ` (FULLWIDTH LEFT PARENTHESIS). Did you mean `(` (LEFT PARENTHESIS)?
ruff	Run uvx ruff check .	2026-02-21T17:37:37.8856213Z    --> plugins/zenn-review/hooks/scripts/validate-zenn-frontmatter.py:256:59
ruff	Run uvx ruff check .	2026-02-21T17:37:37.8856580Z     |
ruff	Run uvx ruff check .	2026-02-21T17:37:37.8856845Z 254 |             errors.append("`topics` ãŒç©ºã§ã™ï¼ˆ1ã€œ5å€‹å¿…è¦ï¼‰")
ruff	Run uvx ruff check .	2026-02-21T17:37:37.8857131Z 255 |         elif len(topics) > 5:
ruff	Run uvx ruff check .	2026-02-21T17:37:37.8857502Z 256 |             errors.append(f"`topics` ãŒ {len(topics)} å€‹ã‚ã‚Šã¾ã™ï¼ˆæœ€å¤§5å€‹ï¼‰")
ruff	Run uvx ruff check .	2026-02-21T17:37:37.8857853Z     |                                                                 ^^
ruff	Run uvx ruff check .	2026-02-21T17:37:37.8858128Z 257 |         else:
ruff	Run uvx ruff check .	2026-02-21T17:37:37.8858331Z 258 |             for topic in topics:
ruff	Run uvx ruff check .	2026-02-21T17:37:37.8858569Z     |
ruff	Run uvx ruff check .	2026-02-21T17:37:37.8858663Z 
ruff	Run uvx ruff check .	2026-02-21T17:37:37.8859028Z RUF001 String contains ambiguous `ï¼‰` (FULLWIDTH RIGHT PARENTHESIS). Did you mean `)` (RIGHT PARENTHESIS)?
ruff	Run uvx ruff check .	2026-02-21T17:37:37.8859763Z    --> plugins/zenn-review/hooks/scripts/validate-zenn-frontmatter.py:256:64
ruff	Run uvx ruff check .	2026-02-21T17:37:37.8860135Z     |
ruff	Run uvx ruff check .	2026-02-21T17:37:37.8860405Z 254 |             errors.append("`topics` ãŒç©ºã§ã™ï¼ˆ1ã€œ5å€‹å¿…è¦ï¼‰")
ruff	Run uvx ruff check .	2026-02-21T17:37:37.8860702Z 255 |         elif len(topics) > 5:
ruff	Run uvx ruff check .	2026-02-21T17:37:37.8861078Z 256 |             errors.append(f"`topics` ãŒ {len(topics)} å€‹ã‚ã‚Šã¾ã™ï¼ˆæœ€å¤§5å€‹ï¼‰")
ruff	Run uvx ruff check .	2026-02-21T17:37:37.8861443Z     |                                                                          ^^
ruff	Run uvx ruff check .	2026-02-21T17:37:37.8861734Z 257 |         else:
ruff	Run uvx ruff check .	2026-02-21T17:37:37.8861936Z 258 |             for topic in topics:
ruff	Run uvx ruff check .	2026-02-21T17:37:37.8862469Z     |
ruff	Run uvx ruff check .	2026-02-21T17:37:37.8862629Z 
ruff	Run uvx ruff check .	2026-02-21T17:37:37.8863251Z RUF001 String contains ambiguous `ï¼ˆ` (FULLWIDTH LEFT PARENTHESIS). Did you mean `(` (LEFT PARENTHESIS)?
ruff	Run uvx ruff check .	2026-02-21T17:37:37.8863843Z    --> plugins/zenn-review/hooks/scripts/validate-zenn-frontmatter.py:261:56
ruff	Run uvx ruff check .	2026-02-21T17:37:37.8864210Z     |
ruff	Run uvx ruff check .	2026-02-21T17:37:37.8864453Z 259 |                 if not re.match(r"^[a-z0-9][a-z0-9-]*$", str(topic)):
ruff	Run uvx ruff check .	2026-02-21T17:37:37.8864802Z 260 |                     errors.append(
ruff	Run uvx ruff check .	2026-02-21T17:37:37.8865191Z 261 |                         f"`topics` ã®å€¤ \"{topic}\" ãŒä¸æ­£ã§ã™ï¼ˆå°æ–‡å­—è‹±æ•°å­—ãƒ»ãƒã‚¤ãƒ•ãƒ³ã®ã¿ï¼‰"
ruff	Run uvx ruff check .	2026-02-21T17:37:37.8865700Z     |                                                               ^^
ruff	Run uvx ruff check .	2026-02-21T17:37:37.8865989Z 262 |                     )
ruff	Run uvx ruff check .	2026-02-21T17:37:37.8866191Z     |
ruff	Run uvx ruff check .	2026-02-21T17:37:37.8866292Z 
ruff	Run uvx ruff check .	2026-02-21T17:37:37.8866378Z E501 Line too long (93 > 88)
ruff	Run uvx ruff check .	2026-02-21T17:37:37.8866735Z    --> plugins/zenn-review/hooks/scripts/validate-zenn-frontmatter.py:261:69
ruff	Run uvx ruff check .	2026-02-21T17:37:37.8867123Z     |
ruff	Run uvx ruff check .	2026-02-21T17:37:37.8867362Z 259 |                 if not re.match(r"^[a-z0-9][a-z0-9-]*$", str(topic)):
ruff	Run uvx ruff check .	2026-02-21T17:37:37.8867696Z 260 |                     errors.append(
ruff	Run uvx ruff check .	2026-02-21T17:37:37.8868080Z 261 |                         f"`topics` ã®å€¤ \"{topic}\" ãŒä¸æ­£ã§ã™ï¼ˆå°æ–‡å­—è‹±æ•°å­—ãƒ»ãƒã‚¤ãƒ•ãƒ³ã®ã¿ï¼‰"
ruff	Run uvx ruff check .	2026-02-21T17:37:37.8868444Z     |                                                                                         ^^^^^
ruff	Run uvx ruff check .	2026-02-21T17:37:37.8868784Z 262 |                     )
ruff	Run uvx ruff check .	2026-02-21T17:37:37.8869026Z     |
ruff	Run uvx ruff check .	2026-02-21T17:37:37.8869120Z 
ruff	Run uvx ruff check .	2026-02-21T17:37:37.8869498Z RUF001 String contains ambiguous `ï¼‰` (FULLWIDTH RIGHT PARENTHESIS). Did you mean `)` (RIGHT PARENTHESIS)?
ruff	Run uvx ruff check .	2026-02-21T17:37:37.8870088Z    --> plugins/zenn-review/hooks/scripts/validate-zenn-frontmatter.py:261:70
ruff	Run uvx ruff check .	2026-02-21T17:37:37.8870453Z     |
ruff	Run uvx ruff check .	2026-02-21T17:37:37.8870689Z 259 |                 if not re.match(r"^[a-z0-9][a-z0-9-]*$", str(topic)):
ruff	Run uvx ruff check .	2026-02-21T17:37:37.8871012Z 260 |                     errors.append(
ruff	Run uvx ruff check .	2026-02-21T17:37:37.8871383Z 261 |                         f"`topics` ã®å€¤ \"{topic}\" ãŒä¸æ­£ã§ã™ï¼ˆå°æ–‡å­—è‹±æ•°å­—ãƒ»ãƒã‚¤ãƒ•ãƒ³ã®ã¿ï¼‰"
ruff	Run uvx ruff check .	2026-02-21T17:37:37.8871752Z     |                                                                                           ^^
ruff	Run uvx ruff check .	2026-02-21T17:37:37.8872304Z 262 |                     )
ruff	Run uvx ruff check .	2026-02-21T17:37:37.8872527Z     |
ruff	Run uvx ruff check .	2026-02-21T17:37:37.8872633Z 
ruff	Run uvx ruff check .	2026-02-21T17:37:37.8873005Z RUF001 String contains ambiguous `ï¼ˆ` (FULLWIDTH LEFT PARENTHESIS). Did you mean `(` (LEFT PARENTHESIS)?
ruff	Run uvx ruff check .	2026-02-21T17:37:37.8873614Z    --> plugins/zenn-review/hooks/scripts/validate-zenn-frontmatter.py:270:52
ruff	Run uvx ruff check .	2026-02-21T17:37:37.8873990Z     |
ruff	Run uvx ruff check .	2026-02-21T17:37:37.8874193Z 268 |     elif len(slug) < 12 or len(slug) > 50:
ruff	Run uvx ruff check .	2026-02-21T17:37:37.8874478Z 269 |         warnings.append(
ruff	Run uvx ruff check .	2026-02-21T17:37:37.8874829Z 270 |             f"ã‚¹ãƒ©ãƒƒã‚° \"{slug}\" ã®é•·ã•ãŒ {len(slug)} æ–‡å­—ã§ã™ï¼ˆ12ã€œ50æ–‡å­—æŽ¨å¥¨ï¼‰"
ruff	Run uvx ruff check .	2026-02-21T17:37:37.8875170Z     |                                                                ^^
ruff	Run uvx ruff check .	2026-02-21T17:37:37.8875447Z 271 |         )
ruff	Run uvx ruff check .	2026-02-21T17:37:37.8875627Z     |
ruff	Run uvx ruff check .	2026-02-21T17:37:37.8875723Z 
ruff	Run uvx ruff check .	2026-02-21T17:37:37.8876088Z RUF001 String contains ambiguous `ï¼‰` (FULLWIDTH RIGHT PARENTHESIS). Did you mean `)` (RIGHT PARENTHESIS)?
ruff	Run uvx ruff check .	2026-02-21T17:37:37.8876682Z    --> plugins/zenn-review/hooks/scripts/validate-zenn-frontmatter.py:270:62
ruff	Run uvx ruff check .	2026-02-21T17:37:37.8877057Z     |
ruff	Run uvx ruff check .	2026-02-21T17:37:37.8877248Z 268 |     elif len(slug) < 12 or len(slug) > 50:
ruff	Run uvx ruff check .	2026-02-21T17:37:37.8877695Z 269 |         warnings.append(
ruff	Run uvx ruff check .	2026-02-21T17:37:37.8878045Z 270 |             f"ã‚¹ãƒ©ãƒƒã‚° \"{slug}\" ã®é•·ã•ãŒ {len(slug)} æ–‡å­—ã§ã™ï¼ˆ12ã€œ50æ–‡å­—æŽ¨å¥¨ï¼‰"
ruff	Run uvx ruff check .	2026-02-21T17:37:37.8878401Z     |                                                                                ^^
ruff	Run uvx ruff check .	2026-02-21T17:37:37.8878696Z 271 |         )
ruff	Run uvx ruff check .	2026-02-21T17:37:37.8878914Z     |
ruff	Run uvx ruff check .	2026-02-21T17:37:37.8879009Z 
ruff	Run uvx ruff check .	2026-02-21T17:37:37.8879373Z RUF001 String contains ambiguous `ï¼ˆ` (FULLWIDTH LEFT PARENTHESIS). Did you mean `(` (LEFT PARENTHESIS)?
ruff	Run uvx ruff check .	2026-02-21T17:37:37.8879954Z    --> plugins/zenn-review/hooks/scripts/validate-zenn-frontmatter.py:301:50
ruff	Run uvx ruff check .	2026-02-21T17:37:37.8880320Z     |
ruff	Run uvx ruff check .	2026-02-21T17:37:37.8880503Z 299 |         if len(summary) > 200:
ruff	Run uvx ruff check .	2026-02-21T17:37:37.8880755Z 300 |             warnings.append(
ruff	Run uvx ruff check .	2026-02-21T17:37:37.8881116Z 301 |                 f"`summary` ãŒ {len(summary)} æ–‡å­—ã§ã™ï¼ˆ200æ–‡å­—ä»¥å†…æŽ¨å¥¨ï¼‰"
ruff	Run uvx ruff check .	2026-02-21T17:37:37.8881443Z     |                                                       ^^
ruff	Run uvx ruff check .	2026-02-21T17:37:37.8881706Z 302 |             )
ruff	Run uvx ruff check .	2026-02-21T17:37:37.8881895Z     |
ruff	Run uvx ruff check .	2026-02-21T17:37:37.8882101Z 
ruff	Run uvx ruff check .	2026-02-21T17:37:37.8882486Z RUF001 String contains ambiguous `ï¼‰` (FULLWIDTH RIGHT PARENTHESIS). Did you mean `)` (RIGHT PARENTHESIS)?
ruff	Run uvx ruff check .	2026-02-21T17:37:37.8883252Z    --> plugins/zenn-review/hooks/scripts/validate-zenn-frontmatter.py:301:60
ruff	Run uvx ruff check .	2026-02-21T17:37:37.8883624Z     |
ruff	Run uvx ruff check .	2026-02-21T17:37:37.8883804Z 299 |         if len(summary) > 200:
ruff	Run uvx ruff check .	2026-02-21T17:37:37.8884057Z 300 |             warnings.append(
ruff	Run uvx ruff check .	2026-02-21T17:37:37.8884414Z 301 |                 f"`summary` ãŒ {len(summary)} æ–‡å­—ã§ã™ï¼ˆ200æ–‡å­—ä»¥å†…æŽ¨å¥¨ï¼‰"
ruff	Run uvx ruff check .	2026-02-21T17:37:37.8884748Z     |                                                                        ^^
ruff	Run uvx ruff check .	2026-02-21T17:37:37.8885034Z 302 |             )
ruff	Run uvx ruff check .	2026-02-21T17:37:37.8885217Z     |
ruff	Run uvx ruff check .	2026-02-21T17:37:37.8885311Z 
ruff	Run uvx ruff check .	2026-02-21T17:37:37.8885483Z SIM102 Use a single `if` statement instead of nested `if` statements
ruff	Run uvx ruff check .	2026-02-21T17:37:37.8885945Z    --> plugins/zenn-review/hooks/scripts/validate-zenn-frontmatter.py:305:5
ruff	Run uvx ruff check .	2026-02-21T17:37:37.8886318Z     |
ruff	Run uvx ruff check .	2026-02-21T17:37:37.8886552Z 304 |       # published ãƒã‚§ãƒƒã‚¯ï¼ˆå¿…é ˆ: booleanï¼‰
ruff	Run uvx ruff check .	2026-02-21T17:37:37.8886831Z 305 | /     if "published" in config:
ruff	Run uvx ruff check .	2026-02-21T17:37:37.8887134Z 306 | |         if not isinstance(config["published"], bool):
ruff	Run uvx ruff check .	2026-02-21T17:37:37.8887478Z     | |_____________________________________________________^
ruff	Run uvx ruff check .	2026-02-21T17:37:37.8887947Z 307 |               errors.append("`published` ãŒ boolean ã§ã¯ã‚ã‚Šã¾ã›ã‚“ï¼ˆtrue / false ã‚’æŒ‡å®šã—ã¦ãã ã•ã„ï¼‰")
ruff	Run uvx ruff check .	2026-02-21T17:37:37.8888321Z     |
ruff	Run uvx ruff check .	2026-02-21T17:37:37.8888520Z help: Combine `if` statements using `and`
ruff	Run uvx ruff check .	2026-02-21T17:37:37.8888709Z 
ruff	Run uvx ruff check .	2026-02-21T17:37:37.8889070Z RUF001 String contains ambiguous `ï¼ˆ` (FULLWIDTH LEFT PARENTHESIS). Did you mean `(` (LEFT PARENTHESIS)?
ruff	Run uvx ruff check .	2026-02-21T17:37:37.8889666Z    --> plugins/zenn-review/hooks/scripts/validate-zenn-frontmatter.py:307:57
ruff	Run uvx ruff check .	2026-02-21T17:37:37.8890033Z     |
ruff	Run uvx ruff check .	2026-02-21T17:37:37.8890217Z 305 |     if "published" in config:
ruff	Run uvx ruff check .	2026-02-21T17:37:37.8890506Z 306 |         if not isinstance(config["published"], bool):
ruff	Run uvx ruff check .	2026-02-21T17:37:37.8891005Z 307 |             errors.append("`published` ãŒ boolean ã§ã¯ã‚ã‚Šã¾ã›ã‚“ï¼ˆtrue / false ã‚’æŒ‡å®šã—ã¦ãã ã•ã„ï¼‰")
ruff	Run uvx ruff check .	2026-02-21T17:37:37.8891419Z     |                                                                 ^^
ruff	Run uvx ruff check .	2026-02-21T17:37:37.8891699Z 308 |
ruff	Run uvx ruff check .	2026-02-21T17:37:37.8891904Z 309 |     # topics ãƒã‚§ãƒƒã‚¯
ruff	Run uvx ruff check .	2026-02-21T17:37:37.8892209Z     |
ruff	Run uvx ruff check .	2026-02-21T17:37:37.8892307Z 
ruff	Run uvx ruff check .	2026-02-21T17:37:37.8892396Z E501 Line too long (101 > 88)
ruff	Run uvx ruff check .	2026-02-21T17:37:37.8892754Z    --> plugins/zenn-review/hooks/scripts/validate-zenn-frontmatter.py:307:76
ruff	Run uvx ruff check .	2026-02-21T17:37:37.8893120Z     |
ruff	Run uvx ruff check .	2026-02-21T17:37:37.8893299Z 305 |     if "published" in config:
ruff	Run uvx ruff check .	2026-02-21T17:37:37.8893592Z 306 |         if not isinstance(config["published"], bool):
ruff	Run uvx ruff check .	2026-02-21T17:37:37.8894081Z 307 |             errors.append("`published` ãŒ boolean ã§ã¯ã‚ã‚Šã¾ã›ã‚“ï¼ˆtrue / false ã‚’æŒ‡å®šã—ã¦ãã ã•ã„ï¼‰")
ruff	Run uvx ruff check .	2026-02-21T17:37:37.8894528Z     |                                                                                          ^^^^^^^^^^^^
ruff	Run uvx ruff check .	2026-02-21T17:37:37.8894842Z 308 |
ruff	Run uvx ruff check .	2026-02-21T17:37:37.8895189Z 309 |     # topics ãƒã‚§ãƒƒã‚¯
ruff	Run uvx ruff check .	2026-02-21T17:37:37.8895391Z     |
ruff	Run uvx ruff check .	2026-02-21T17:37:37.8895486Z 
ruff	Run uvx ruff check .	2026-02-21T17:37:37.8895865Z RUF001 String contains ambiguous `ï¼‰` (FULLWIDTH RIGHT PARENTHESIS). Did you mean `)` (RIGHT PARENTHESIS)?
ruff	Run uvx ruff check .	2026-02-21T17:37:37.8896468Z    --> plugins/zenn-review/hooks/scripts/validate-zenn-frontmatter.py:307:80
ruff	Run uvx ruff check .	2026-02-21T17:37:37.8896839Z     |
ruff	Run uvx ruff check .	2026-02-21T17:37:37.8897027Z 305 |     if "published" in config:
ruff	Run uvx ruff check .	2026-02-21T17:37:37.8897317Z 306 |         if not isinstance(config["published"], bool):
ruff	Run uvx ruff check .	2026-02-21T17:37:37.8897800Z 307 |             errors.append("`published` ãŒ boolean ã§ã¯ã‚ã‚Šã¾ã›ã‚“ï¼ˆtrue / false ã‚’æŒ‡å®šã—ã¦ãã ã•ã„ï¼‰")
ruff	Run uvx ruff check .	2026-02-21T17:37:37.8898238Z     |                                                                                                  ^^
ruff	Run uvx ruff check .	2026-02-21T17:37:37.8898551Z 308 |
ruff	Run uvx ruff check .	2026-02-21T17:37:37.8898744Z 309 |     # topics ãƒã‚§ãƒƒã‚¯
ruff	Run uvx ruff check .	2026-02-21T17:37:37.8898939Z     |
ruff	Run uvx ruff check .	2026-02-21T17:37:37.8899031Z 
ruff	Run uvx ruff check .	2026-02-21T17:37:37.8899389Z RUF001 String contains ambiguous `ï¼ˆ` (FULLWIDTH LEFT PARENTHESIS). Did you mean `(` (LEFT PARENTHESIS)?
ruff	Run uvx ruff check .	2026-02-21T17:37:37.8899979Z    --> plugins/zenn-review/hooks/scripts/validate-zenn-frontmatter.py:315:41
ruff	Run uvx ruff check .	2026-02-21T17:37:37.8900345Z     |
ruff	Run uvx ruff check .	2026-02-21T17:37:37.8900729Z 313 |             errors.append("`topics` ãŒé…åˆ—ã§ã¯ã‚ã‚Šã¾ã›ã‚“")
ruff	Run uvx ruff check .	2026-02-21T17:37:37.8901016Z 314 |         elif len(topics) == 0:
ruff	Run uvx ruff check .	2026-02-21T17:37:37.8901356Z 315 |             errors.append("`topics` ãŒç©ºã§ã™ï¼ˆ1ã€œ5å€‹å¿…è¦ï¼‰")
ruff	Run uvx ruff check .	2026-02-21T17:37:37.8901656Z     |                                             ^^
ruff	Run uvx ruff check .	2026-02-21T17:37:37.8901922Z 316 |         elif len(topics) > 5:
ruff	Run uvx ruff check .	2026-02-21T17:37:37.8902397Z 317 |             errors.append(f"`topics` ãŒ {len(topics)} å€‹ã‚ã‚Šã¾ã™ï¼ˆæœ€å¤§5å€‹ï¼‰")
ruff	Run uvx ruff check .	2026-02-21T17:37:37.8902714Z     |
ruff	Run uvx ruff check .	2026-02-21T17:37:37.8902808Z 
ruff	Run uvx ruff check .	2026-02-21T17:37:37.8903174Z RUF001 String contains ambiguous `ï¼‰` (FULLWIDTH RIGHT PARENTHESIS). Did you mean `)` (RIGHT PARENTHESIS)?
ruff	Run uvx ruff check .	2026-02-21T17:37:37.8903763Z    --> plugins/zenn-review/hooks/scripts/validate-zenn-frontmatter.py:315:48
ruff	Run uvx ruff check .	2026-02-21T17:37:37.8904128Z     |
ruff	Run uvx ruff check .	2026-02-21T17:37:37.8904397Z 313 |             errors.append("`topics` ãŒé…åˆ—ã§ã¯ã‚ã‚Šã¾ã›ã‚“")
ruff	Run uvx ruff check .	2026-02-21T17:37:37.8904688Z 314 |         elif len(topics) == 0:
ruff	Run uvx ruff check .	2026-02-21T17:37:37.8905015Z 315 |             errors.append("`topics` ãŒç©ºã§ã™ï¼ˆ1ã€œ5å€‹å¿…è¦ï¼‰")
ruff	Run uvx ruff check .	2026-02-21T17:37:37.8905334Z     |                                                         ^^
ruff	Run uvx ruff check .	2026-02-21T17:37:37.8905619Z 316 |         elif len(topics) > 5:
ruff	Run uvx ruff check .	2026-02-21T17:37:37.8905985Z 317 |             errors.append(f"`topics` ãŒ {len(topics)} å€‹ã‚ã‚Šã¾ã™ï¼ˆæœ€å¤§5å€‹ï¼‰")
ruff	Run uvx ruff check .	2026-02-21T17:37:37.8906301Z     |
ruff	Run uvx ruff check .	2026-02-21T17:37:37.8906397Z 
ruff	Run uvx ruff check .	2026-02-21T17:37:37.8906757Z RUF001 String contains ambiguous `ï¼ˆ` (FULLWIDTH LEFT PARENTHESIS). Did you mean `(` (LEFT PARENTHESIS)?
ruff	Run uvx ruff check .	2026-02-21T17:37:37.8907353Z    --> plugins/zenn-review/hooks/scripts/validate-zenn-frontmatter.py:317:59
ruff	Run uvx ruff check .	2026-02-21T17:37:37.8907714Z     |
ruff	Run uvx ruff check .	2026-02-21T17:37:37.8907974Z 315 |             errors.append("`topics` ãŒç©ºã§ã™ï¼ˆ1ã€œ5å€‹å¿…è¦ï¼‰")
ruff	Run uvx ruff check .	2026-02-21T17:37:37.8908270Z 316 |         elif len(topics) > 5:
ruff	Run uvx ruff check .	2026-02-21T17:37:37.8908635Z 317 |             errors.append(f"`topics` ãŒ {len(topics)} å€‹ã‚ã‚Šã¾ã™ï¼ˆæœ€å¤§5å€‹ï¼‰")
ruff	Run uvx ruff check .	2026-02-21T17:37:37.8909002Z     |                                                                 ^^
ruff	Run uvx ruff check .	2026-02-21T17:37:37.8909277Z 318 |         else:
ruff	Run uvx ruff check .	2026-02-21T17:37:37.8909498Z 319 |             for topic in topics:
ruff	Run uvx ruff check .	2026-02-21T17:37:37.8909737Z     |
ruff	Run uvx ruff check .	2026-02-21T17:37:37.8909831Z 
ruff	Run uvx ruff check .	2026-02-21T17:37:37.8910202Z RUF001 String contains ambiguous `ï¼‰` (FULLWIDTH RIGHT PARENTHESIS). Did you mean `)` (RIGHT PARENTHESIS)?
ruff	Run uvx ruff check .	2026-02-21T17:37:37.8910800Z    --> plugins/zenn-review/hooks/scripts/validate-zenn-frontmatter.py:317:64
ruff	Run uvx ruff check .	2026-02-21T17:37:37.8911163Z     |
ruff	Run uvx ruff check .	2026-02-21T17:37:37.8911424Z 315 |             errors.append("`topics` ãŒç©ºã§ã™ï¼ˆ1ã€œ5å€‹å¿…è¦ï¼‰")
ruff	Run uvx ruff check .	2026-02-21T17:37:37.8911714Z 316 |         elif len(topics) > 5:
ruff	Run uvx ruff check .	2026-02-21T17:37:37.8912304Z 317 |             errors.append(f"`topics` ãŒ {len(topics)} å€‹ã‚ã‚Šã¾ã™ï¼ˆæœ€å¤§5å€‹ï¼‰")
ruff	Run uvx ruff check .	2026-02-21T17:37:37.8912681Z     |                                                                          ^^
ruff	Run uvx ruff check .	2026-02-21T17:37:37.8912975Z 318 |         else:
ruff	Run uvx ruff check .	2026-02-21T17:37:37.8913322Z 319 |             for topic in topics:
ruff	Run uvx ruff check .	2026-02-21T17:37:37.8913562Z     |
ruff	Run uvx ruff check .	2026-02-21T17:37:37.8913664Z 
ruff	Run uvx ruff check .	2026-02-21T17:37:37.8914049Z RUF001 String contains ambiguous `ï¼ˆ` (FULLWIDTH LEFT PARENTHESIS). Did you mean `(` (LEFT PARENTHESIS)?
ruff	Run uvx ruff check .	2026-02-21T17:37:37.8914650Z    --> plugins/zenn-review/hooks/scripts/validate-zenn-frontmatter.py:322:56
ruff	Run uvx ruff check .	2026-02-21T17:37:37.8915015Z     |
ruff	Run uvx ruff check .	2026-02-21T17:37:37.8915254Z 320 |                 if not re.match(r"^[a-z0-9][a-z0-9-]*$", str(topic)):
ruff	Run uvx ruff check .	2026-02-21T17:37:37.8915592Z 321 |                     errors.append(
ruff	Run uvx ruff check .	2026-02-21T17:37:37.8915970Z 322 |                         f"`topics` ã®å€¤ \"{topic}\" ãŒä¸æ­£ã§ã™ï¼ˆå°æ–‡å­—è‹±æ•°å­—ãƒ»ãƒã‚¤ãƒ•ãƒ³ã®ã¿ï¼‰"
ruff	Run uvx ruff check .	2026-02-21T17:37:37.8916312Z     |                                                               ^^
ruff	Run uvx ruff check .	2026-02-21T17:37:37.8916590Z 323 |                     )
ruff	Run uvx ruff check .	2026-02-21T17:37:37.8916795Z     |
ruff	Run uvx ruff check .	2026-02-21T17:37:37.8916887Z 
ruff	Run uvx ruff check .	2026-02-21T17:37:37.8916973Z E501 Line too long (93 > 88)
ruff	Run uvx ruff check .	2026-02-21T17:37:37.8917320Z    --> plugins/zenn-review/hooks/scripts/validate-zenn-frontmatter.py:322:69
ruff	Run uvx ruff check .	2026-02-21T17:37:37.8917712Z     |
ruff	Run uvx ruff check .	2026-02-21T17:37:37.8917942Z 320 |                 if not re.match(r"^[a-z0-9][a-z0-9-]*$", str(topic)):
ruff	Run uvx ruff check .	2026-02-21T17:37:37.8918402Z 321 |                     errors.append(
ruff	Run uvx ruff check .	2026-02-21T17:37:37.8918783Z 322 |                         f"`topics` ã®å€¤ \"{topic}\" ãŒä¸æ­£ã§ã™ï¼ˆå°æ–‡å­—è‹±æ•°å­—ãƒ»ãƒã‚¤ãƒ•ãƒ³ã®ã¿ï¼‰"
ruff	Run uvx ruff check .	2026-02-21T17:37:37.8919153Z     |                                                                                         ^^^^^
ruff	Run uvx ruff check .	2026-02-21T17:37:37.8919463Z 323 |                     )
ruff	Run uvx ruff check .	2026-02-21T17:37:37.8919667Z     |
ruff	Run uvx ruff check .	2026-02-21T17:37:37.8919763Z 
ruff	Run uvx ruff check .	2026-02-21T17:37:37.8920133Z RUF001 String contains ambiguous `ï¼‰` (FULLWIDTH RIGHT PARENTHESIS). Did you mean `)` (RIGHT PARENTHESIS)?
ruff	Run uvx ruff check .	2026-02-21T17:37:37.8920719Z    --> plugins/zenn-review/hooks/scripts/validate-zenn-frontmatter.py:322:70
ruff	Run uvx ruff check .	2026-02-21T17:37:37.8921086Z     |
ruff	Run uvx ruff check .	2026-02-21T17:37:37.8921321Z 320 |                 if not re.match(r"^[a-z0-9][a-z0-9-]*$", str(topic)):
ruff	Run uvx ruff check .	2026-02-21T17:37:37.8921654Z 321 |                     errors.append(
ruff	Run uvx ruff check .	2026-02-21T17:37:37.8922141Z 322 |                         f"`topics` ã®å€¤ \"{topic}\" ãŒä¸æ­£ã§ã™ï¼ˆå°æ–‡å­—è‹±æ•°å­—ãƒ»ãƒã‚¤ãƒ•ãƒ³ã®ã¿ï¼‰"
ruff	Run uvx ruff check .	2026-02-21T17:37:37.8922515Z     |                                                                                           ^^
ruff	Run uvx ruff check .	2026-02-21T17:37:37.8922842Z 323 |                     )
ruff	Run uvx ruff check .	2026-02-21T17:37:37.8923040Z     |
ruff	Run uvx ruff check .	2026-02-21T17:37:37.8923142Z 
ruff	Run uvx ruff check .	2026-02-21T17:37:37.8923249Z F541 [*] f-string without any placeholders
ruff	Run uvx ruff check .	2026-02-21T17:37:37.8923636Z    --> plugins/zenn-review/hooks/scripts/validate-zenn-frontmatter.py:329:27
ruff	Run uvx ruff check .	2026-02-21T17:37:37.8924004Z     |
ruff	Run uvx ruff check .	2026-02-21T17:37:37.8924187Z 327 |         price = config["price"]
ruff	Run uvx ruff check .	2026-02-21T17:37:37.8924463Z 328 |         if not isinstance(price, int):
ruff	Run uvx ruff check .	2026-02-21T17:37:37.8924820Z 329 |             errors.append(f"`price` ãŒæ•´æ•°ã§ã¯ã‚ã‚Šã¾ã›ã‚“")
ruff	Run uvx ruff check .	2026-02-21T17:37:37.8925126Z     |                           ^^^^^^^^^^^^^^^^^^^^^^^^^^^^^^^
ruff	Run uvx ruff check .	2026-02-21T17:37:37.8925508Z 330 |         elif price != 0 and (price < 200 or price > 5000 or price % 100 != 0):
ruff	Run uvx ruff check .	2026-02-21T17:37:37.8926058Z 331 |             errors.append(
ruff	Run uvx ruff check .	2026-02-21T17:37:37.8926282Z     |
ruff	Run uvx ruff check .	2026-02-21T17:37:37.8926477Z help: Remove extraneous `f` prefix
ruff	Run uvx ruff check .	2026-02-21T17:37:37.8926663Z 
ruff	Run uvx ruff check .	2026-02-21T17:37:37.8927031Z RUF001 String contains ambiguous `ï¼ˆ` (FULLWIDTH LEFT PARENTHESIS). Did you mean `(` (LEFT PARENTHESIS)?
ruff	Run uvx ruff check .	2026-02-21T17:37:37.8927638Z    --> plugins/zenn-review/hooks/scripts/validate-zenn-frontmatter.py:332:41
ruff	Run uvx ruff check .	2026-02-21T17:37:37.8928005Z     |
ruff	Run uvx ruff check .	2026-02-21T17:37:37.8928279Z 330 |         elif price != 0 and (price < 200 or price > 5000 or price % 100 != 0):
ruff	Run uvx ruff check .	2026-02-21T17:37:37.8928644Z 331 |             errors.append(
ruff	Run uvx ruff check .	2026-02-21T17:37:37.8929008Z 332 |                 f"`price` ãŒä¸æ­£ã§ã™: {price}ï¼ˆ0 ã¾ãŸã¯ 200ã€œ5000 ã®100å††å˜ä½ï¼‰"
ruff	Run uvx ruff check .	2026-02-21T17:37:37.8929336Z     |                                              ^^
ruff	Run uvx ruff check .	2026-02-21T17:37:37.8929600Z 333 |             )
ruff	Run uvx ruff check .	2026-02-21T17:37:37.8929789Z     |
ruff	Run uvx ruff check .	2026-02-21T17:37:37.8929887Z 
ruff	Run uvx ruff check .	2026-02-21T17:37:37.8930254Z RUF001 String contains ambiguous `ï¼‰` (FULLWIDTH RIGHT PARENTHESIS). Did you mean `)` (RIGHT PARENTHESIS)?
ruff	Run uvx ruff check .	2026-02-21T17:37:37.8930865Z    --> plugins/zenn-review/hooks/scripts/validate-zenn-frontmatter.py:332:64
ruff	Run uvx ruff check .	2026-02-21T17:37:37.8931358Z     |
ruff	Run uvx ruff check .	2026-02-21T17:37:37.8931621Z 330 |         elif price != 0 and (price < 200 or price > 5000 or price % 100 != 0):
ruff	Run uvx ruff check .	2026-02-21T17:37:37.8932088Z 331 |             errors.append(
ruff	Run uvx ruff check .	2026-02-21T17:37:37.8932452Z 332 |                 f"`price` ãŒä¸æ­£ã§ã™: {price}ï¼ˆ0 ã¾ãŸã¯ 200ã€œ5000 ã®100å††å˜ä½ï¼‰"
ruff	Run uvx ruff check .	2026-02-21T17:37:37.8932796Z     |                                                                              ^^
ruff	Run uvx ruff check .	2026-02-21T17:37:37.8933085Z 333 |             )
ruff	Run uvx ruff check .	2026-02-21T17:37:37.8933267Z     |
ruff	Run uvx ruff check .	2026-02-21T17:37:37.8933360Z 
ruff	Run uvx ruff check .	2026-02-21T17:37:37.8933462Z UP015 [*] Unnecessary mode argument
ruff	Run uvx ruff check .	2026-02-21T17:37:37.8933827Z    --> plugins/zenn-review/hooks/scripts/validate-zenn-frontmatter.py:374:34
ruff	Run uvx ruff check .	2026-02-21T17:37:37.8934194Z     |
ruff	Run uvx ruff check .	2026-02-21T17:37:37.8934398Z 372 |         # ãƒ•ã‚¡ã‚¤ãƒ«èª­ã¿è¾¼ã¿
ruff	Run uvx ruff check .	2026-02-21T17:37:37.8934599Z 373 |         try:
ruff	Run uvx ruff check .	2026-02-21T17:37:37.8934868Z 374 |             with open(file_path, "r", encoding="utf-8") as f:
ruff	Run uvx ruff check .	2026-02-21T17:37:37.8935189Z     |                                  ^^^
ruff	Run uvx ruff check .	2026-02-21T17:37:37.8935449Z 375 |                 content = f.read()
ruff	Run uvx ruff check .	2026-02-21T17:37:37.8935750Z 376 |         except (OSError, UnicodeDecodeError) as e:
ruff	Run uvx ruff check .	2026-02-21T17:37:37.8936036Z     |
ruff	Run uvx ruff check .	2026-02-21T17:37:37.8936215Z help: Remove mode argument
ruff	Run uvx ruff check .	2026-02-21T17:37:37.8936361Z 
ruff	Run uvx ruff check .	2026-02-21T17:37:37.8936447Z E501 Line too long (96 > 88)
ruff	Run uvx ruff check .	2026-02-21T17:37:37.8936801Z    --> plugins/zenn-review/hooks/scripts/validate-zenn-frontmatter.py:399:73
ruff	Run uvx ruff check .	2026-02-21T17:37:37.8937169Z     |
ruff	Run uvx ruff check .	2026-02-21T17:37:37.8937383Z 397 |                 msg_parts.append(f"  WARNING: {warn}")
ruff	Run uvx ruff check .	2026-02-21T17:37:37.8937693Z 398 |             msg_parts.append(
ruff	Run uvx ruff check .	2026-02-21T17:37:37.8938104Z 399 |                 "\n  è©³ç´°ãªæ¤œè¨¼ã¯ `/zenn-review:frontmatter-check` ã‚³ãƒžãƒ³ãƒ‰ã‚’ä½¿ç”¨ã—ã¦ãã ã•ã„ã€‚"
ruff	Run uvx ruff check .	2026-02-21T17:37:37.8938505Z     |                                                                                          ^^^^^^^
ruff	Run uvx ruff check .	2026-02-21T17:37:37.8938824Z 400 |             )
ruff	Run uvx ruff check .	2026-02-21T17:37:37.8939075Z 401 |             print("\n".join(msg_parts), file=sys.stderr)
ruff	Run uvx ruff check .	2026-02-21T17:37:37.8939372Z     |
ruff	Run uvx ruff check .	2026-02-21T17:37:37.8939466Z 
ruff	Run uvx ruff check .	2026-02-21T17:37:37.8939552Z E501 Line too long (91 > 88)
ruff	Run uvx ruff check .	2026-02-21T17:37:37.8939938Z    --> plugins/zenn-review/hooks/scripts/validate-zenn-frontmatter.py:408:70
ruff	Run uvx ruff check .	2026-02-21T17:37:37.8940306Z     |
ruff	Run uvx ruff check .	2026-02-21T17:37:37.8940523Z 406 |             print("\n".join(msg_parts), file=sys.stderr)
ruff	Run uvx ruff check .	2026-02-21T17:37:37.8940811Z 407 |         else:
ruff	Run uvx ruff check .	2026-02-21T17:37:37.8941155Z 408 |             print(f"[Zenn validate] âœ“ {basename} ã®ãƒ•ãƒ­ãƒ³ãƒˆãƒžã‚¿ãƒ¼æ¤œè¨¼ã«å•é¡Œã¯ã‚ã‚Šã¾ã›ã‚“ã€‚")
ruff	Run uvx ruff check .	2026-02-21T17:37:37.8941548Z     |                                                                                          ^^
ruff	Run uvx ruff check .	2026-02-21T17:37:37.8941850Z 409 |
ruff	Run uvx ruff check .	2026-02-21T17:37:37.8942127Z 410 |         sys.exit(0)
ruff	Run uvx ruff check .	2026-02-21T17:37:37.8942338Z     |
ruff	Run uvx ruff check .	2026-02-21T17:37:37.8942431Z 
ruff	Run uvx ruff check .	2026-02-21T17:37:37.8942509Z Found 53 errors.
ruff	Run uvx ruff check .	2026-02-21T17:37:37.8942858Z [*] 4 fixable with the `--fix` option.
ruff	Run uvx ruff check .	2026-02-21T17:37:37.8954772Z ##[error]Process completed with exit code 1.
